
**** Build of configuration Release for project driverlib ****

"C:\\ti\\ccs910\\ccs\\utils\\bin\\gmake" -k all 
 
Building file: "C:/ti/simplelink_cc32xx_sdk_3_20_00_06/source/ti/devices/cc32xx/driverlib/adc.c"
Invoking: ARM Compiler
"C:/ti/ccs910/ccs/tools/compiler/ti-cgt-arm_18.12.2.LTS/bin/armcl" -mv7M4 --code_state=16 --float_support=vfplib --abi=eabi -me -Ooff --include_path="C:/ti/ccs910/ccs/tools/compiler/ti-cgt-arm_18.12.2.LTS/include" --include_path="C:/ti/simplelink_cc32xx_sdk_3_20_00_06/source/ti/devices/cc32xx/driverlib/" --include_path="C:/ti/simplelink_cc32xx_sdk_3_20_00_06/source/ti/devices/cc32xx/inc" --include_path="C:/ti/simplelink_cc32xx_sdk_3_20_00_06/source/ti/devices/cc32xx/" -g --gcc --define=ccs --define=DRIVERLIB_APPS --define=cc3200 --diag_warning=225 --diag_wrap=off --display_error_number --gen_func_subsections=on --printf_support=full --ual --preproc_with_compile --preproc_dependency="adc.d_raw"  "C:/ti/simplelink_cc32xx_sdk_3_20_00_06/source/ti/devices/cc32xx/driverlib/adc.c"
Finished building: "C:/ti/simplelink_cc32xx_sdk_3_20_00_06/source/ti/devices/cc32xx/driverlib/adc.c"
 
Building file: "C:/ti/simplelink_cc32xx_sdk_3_20_00_06/source/ti/devices/cc32xx/driverlib/aes.c"
Invoking: ARM Compiler
"C:/ti/ccs910/ccs/tools/compiler/ti-cgt-arm_18.12.2.LTS/bin/armcl" -mv7M4 --code_state=16 --float_support=vfplib --abi=eabi -me -Ooff --include_path="C:/ti/ccs910/ccs/tools/compiler/ti-cgt-arm_18.12.2.LTS/include" --include_path="C:/ti/simplelink_cc32xx_sdk_3_20_00_06/source/ti/devices/cc32xx/driverlib/" --include_path="C:/ti/simplelink_cc32xx_sdk_3_20_00_06/source/ti/devices/cc32xx/inc" --include_path="C:/ti/simplelink_cc32xx_sdk_3_20_00_06/source/ti/devices/cc32xx/" -g --gcc --define=ccs --define=DRIVERLIB_APPS --define=cc3200 --diag_warning=225 --diag_wrap=off --display_error_number --gen_func_subsections=on --printf_support=full --ual --preproc_with_compile --preproc_dependency="aes.d_raw"  "C:/ti/simplelink_cc32xx_sdk_3_20_00_06/source/ti/devices/cc32xx/driverlib/aes.c"
Finished building: "C:/ti/simplelink_cc32xx_sdk_3_20_00_06/source/ti/devices/cc32xx/driverlib/aes.c"
 
Building file: "C:/ti/simplelink_cc32xx_sdk_3_20_00_06/source/ti/devices/cc32xx/driverlib/camera.c"
Invoking: ARM Compiler
"C:/ti/ccs910/ccs/tools/compiler/ti-cgt-arm_18.12.2.LTS/bin/armcl" -mv7M4 --code_state=16 --float_support=vfplib --abi=eabi -me -Ooff --include_path="C:/ti/ccs910/ccs/tools/compiler/ti-cgt-arm_18.12.2.LTS/include" --include_path="C:/ti/simplelink_cc32xx_sdk_3_20_00_06/source/ti/devices/cc32xx/driverlib/" --include_path="C:/ti/simplelink_cc32xx_sdk_3_20_00_06/source/ti/devices/cc32xx/inc" --include_path="C:/ti/simplelink_cc32xx_sdk_3_20_00_06/source/ti/devices/cc32xx/" -g --gcc --define=ccs --define=DRIVERLIB_APPS --define=cc3200 --diag_warning=225 --diag_wrap=off --display_error_number --gen_func_subsections=on --printf_support=full --ual --preproc_with_compile --preproc_dependency="camera.d_raw"  "C:/ti/simplelink_cc32xx_sdk_3_20_00_06/source/ti/devices/cc32xx/driverlib/camera.c"
Finished building: "C:/ti/simplelink_cc32xx_sdk_3_20_00_06/source/ti/devices/cc32xx/driverlib/camera.c"
 
Building file: "C:/ti/simplelink_cc32xx_sdk_3_20_00_06/source/ti/devices/cc32xx/driverlib/cpu.c"
Invoking: ARM Compiler
"C:/ti/ccs910/ccs/tools/compiler/ti-cgt-arm_18.12.2.LTS/bin/armcl" -mv7M4 --code_state=16 --float_support=vfplib --abi=eabi -me -Ooff --include_path="C:/ti/ccs910/ccs/tools/compiler/ti-cgt-arm_18.12.2.LTS/include" --include_path="C:/ti/simplelink_cc32xx_sdk_3_20_00_06/source/ti/devices/cc32xx/driverlib/" --include_path="C:/ti/simplelink_cc32xx_sdk_3_20_00_06/source/ti/devices/cc32xx/inc" --include_path="C:/ti/simplelink_cc32xx_sdk_3_20_00_06/source/ti/devices/cc32xx/" -g --gcc --define=ccs --define=DRIVERLIB_APPS --define=cc3200 --diag_warning=225 --diag_wrap=off --display_error_number --gen_func_subsections=on --printf_support=full --ual --preproc_with_compile --preproc_dependency="cpu.d_raw"  "C:/ti/simplelink_cc32xx_sdk_3_20_00_06/source/ti/devices/cc32xx/driverlib/cpu.c"
Finished building: "C:/ti/simplelink_cc32xx_sdk_3_20_00_06/source/ti/devices/cc32xx/driverlib/cpu.c"
 
Building file: "C:/ti/simplelink_cc32xx_sdk_3_20_00_06/source/ti/devices/cc32xx/driverlib/crc.c"
Invoking: ARM Compiler
"C:/ti/ccs910/ccs/tools/compiler/ti-cgt-arm_18.12.2.LTS/bin/armcl" -mv7M4 --code_state=16 --float_support=vfplib --abi=eabi -me -Ooff --include_path="C:/ti/ccs910/ccs/tools/compiler/ti-cgt-arm_18.12.2.LTS/include" --include_path="C:/ti/simplelink_cc32xx_sdk_3_20_00_06/source/ti/devices/cc32xx/driverlib/" --include_path="C:/ti/simplelink_cc32xx_sdk_3_20_00_06/source/ti/devices/cc32xx/inc" --include_path="C:/ti/simplelink_cc32xx_sdk_3_20_00_06/source/ti/devices/cc32xx/" -g --gcc --define=ccs --define=DRIVERLIB_APPS --define=cc3200 --diag_warning=225 --diag_wrap=off --display_error_number --gen_func_subsections=on --printf_support=full --ual --preproc_with_compile --preproc_dependency="crc.d_raw"  "C:/ti/simplelink_cc32xx_sdk_3_20_00_06/source/ti/devices/cc32xx/driverlib/crc.c"
Finished building: "C:/ti/simplelink_cc32xx_sdk_3_20_00_06/source/ti/devices/cc32xx/driverlib/crc.c"
 
Building file: "C:/ti/simplelink_cc32xx_sdk_3_20_00_06/source/ti/devices/cc32xx/driverlib/des.c"
Invoking: ARM Compiler
"C:/ti/ccs910/ccs/tools/compiler/ti-cgt-arm_18.12.2.LTS/bin/armcl" -mv7M4 --code_state=16 --float_support=vfplib --abi=eabi -me -Ooff --include_path="C:/ti/ccs910/ccs/tools/compiler/ti-cgt-arm_18.12.2.LTS/include" --include_path="C:/ti/simplelink_cc32xx_sdk_3_20_00_06/source/ti/devices/cc32xx/driverlib/" --include_path="C:/ti/simplelink_cc32xx_sdk_3_20_00_06/source/ti/devices/cc32xx/inc" --include_path="C:/ti/simplelink_cc32xx_sdk_3_20_00_06/source/ti/devices/cc32xx/" -g --gcc --define=ccs --define=DRIVERLIB_APPS --define=cc3200 --diag_warning=225 --diag_wrap=off --display_error_number --gen_func_subsections=on --printf_support=full --ual --preproc_with_compile --preproc_dependency="des.d_raw"  "C:/ti/simplelink_cc32xx_sdk_3_20_00_06/source/ti/devices/cc32xx/driverlib/des.c"
Finished building: "C:/ti/simplelink_cc32xx_sdk_3_20_00_06/source/ti/devices/cc32xx/driverlib/des.c"
 
Building file: "C:/ti/simplelink_cc32xx_sdk_3_20_00_06/source/ti/devices/cc32xx/driverlib/flash.c"
Invoking: ARM Compiler
"C:/ti/ccs910/ccs/tools/compiler/ti-cgt-arm_18.12.2.LTS/bin/armcl" -mv7M4 --code_state=16 --float_support=vfplib --abi=eabi -me -Ooff --include_path="C:/ti/ccs910/ccs/tools/compiler/ti-cgt-arm_18.12.2.LTS/include" --include_path="C:/ti/simplelink_cc32xx_sdk_3_20_00_06/source/ti/devices/cc32xx/driverlib/" --include_path="C:/ti/simplelink_cc32xx_sdk_3_20_00_06/source/ti/devices/cc32xx/inc" --include_path="C:/ti/simplelink_cc32xx_sdk_3_20_00_06/source/ti/devices/cc32xx/" -g --gcc --define=ccs --define=DRIVERLIB_APPS --define=cc3200 --diag_warning=225 --diag_wrap=off --display_error_number --gen_func_subsections=on --printf_support=full --ual --preproc_with_compile --preproc_dependency="flash.d_raw"  "C:/ti/simplelink_cc32xx_sdk_3_20_00_06/source/ti/devices/cc32xx/driverlib/flash.c"
Finished building: "C:/ti/simplelink_cc32xx_sdk_3_20_00_06/source/ti/devices/cc32xx/driverlib/flash.c"
 
Building file: "C:/ti/simplelink_cc32xx_sdk_3_20_00_06/source/ti/devices/cc32xx/driverlib/gpio.c"
Invoking: ARM Compiler
"C:/ti/ccs910/ccs/tools/compiler/ti-cgt-arm_18.12.2.LTS/bin/armcl" -mv7M4 --code_state=16 --float_support=vfplib --abi=eabi -me -Ooff --include_path="C:/ti/ccs910/ccs/tools/compiler/ti-cgt-arm_18.12.2.LTS/include" --include_path="C:/ti/simplelink_cc32xx_sdk_3_20_00_06/source/ti/devices/cc32xx/driverlib/" --include_path="C:/ti/simplelink_cc32xx_sdk_3_20_00_06/source/ti/devices/cc32xx/inc" --include_path="C:/ti/simplelink_cc32xx_sdk_3_20_00_06/source/ti/devices/cc32xx/" -g --gcc --define=ccs --define=DRIVERLIB_APPS --define=cc3200 --diag_warning=225 --diag_wrap=off --display_error_number --gen_func_subsections=on --printf_support=full --ual --preproc_with_compile --preproc_dependency="gpio.d_raw"  "C:/ti/simplelink_cc32xx_sdk_3_20_00_06/source/ti/devices/cc32xx/driverlib/gpio.c"
Finished building: "C:/ti/simplelink_cc32xx_sdk_3_20_00_06/source/ti/devices/cc32xx/driverlib/gpio.c"
 
Building file: "C:/ti/simplelink_cc32xx_sdk_3_20_00_06/source/ti/devices/cc32xx/driverlib/hwspinlock.c"
Invoking: ARM Compiler
"C:/ti/ccs910/ccs/tools/compiler/ti-cgt-arm_18.12.2.LTS/bin/armcl" -mv7M4 --code_state=16 --float_support=vfplib --abi=eabi -me -Ooff --include_path="C:/ti/ccs910/ccs/tools/compiler/ti-cgt-arm_18.12.2.LTS/include" --include_path="C:/ti/simplelink_cc32xx_sdk_3_20_00_06/source/ti/devices/cc32xx/driverlib/" --include_path="C:/ti/simplelink_cc32xx_sdk_3_20_00_06/source/ti/devices/cc32xx/inc" --include_path="C:/ti/simplelink_cc32xx_sdk_3_20_00_06/source/ti/devices/cc32xx/" -g --gcc --define=ccs --define=DRIVERLIB_APPS --define=cc3200 --diag_warning=225 --diag_wrap=off --display_error_number --gen_func_subsections=on --printf_support=full --ual --preproc_with_compile --preproc_dependency="hwspinlock.d_raw"  "C:/ti/simplelink_cc32xx_sdk_3_20_00_06/source/ti/devices/cc32xx/driverlib/hwspinlock.c"
Finished building: "C:/ti/simplelink_cc32xx_sdk_3_20_00_06/source/ti/devices/cc32xx/driverlib/hwspinlock.c"
 
Building file: "C:/ti/simplelink_cc32xx_sdk_3_20_00_06/source/ti/devices/cc32xx/driverlib/i2c.c"
Invoking: ARM Compiler
"C:/ti/ccs910/ccs/tools/compiler/ti-cgt-arm_18.12.2.LTS/bin/armcl" -mv7M4 --code_state=16 --float_support=vfplib --abi=eabi -me -Ooff --include_path="C:/ti/ccs910/ccs/tools/compiler/ti-cgt-arm_18.12.2.LTS/include" --include_path="C:/ti/simplelink_cc32xx_sdk_3_20_00_06/source/ti/devices/cc32xx/driverlib/" --include_path="C:/ti/simplelink_cc32xx_sdk_3_20_00_06/source/ti/devices/cc32xx/inc" --include_path="C:/ti/simplelink_cc32xx_sdk_3_20_00_06/source/ti/devices/cc32xx/" -g --gcc --define=ccs --define=DRIVERLIB_APPS --define=cc3200 --diag_warning=225 --diag_wrap=off --display_error_number --gen_func_subsections=on --printf_support=full --ual --preproc_with_compile --preproc_dependency="i2c.d_raw"  "C:/ti/simplelink_cc32xx_sdk_3_20_00_06/source/ti/devices/cc32xx/driverlib/i2c.c"
Finished building: "C:/ti/simplelink_cc32xx_sdk_3_20_00_06/source/ti/devices/cc32xx/driverlib/i2c.c"
 
Building file: "C:/ti/simplelink_cc32xx_sdk_3_20_00_06/source/ti/devices/cc32xx/driverlib/i2s.c"
Invoking: ARM Compiler
"C:/ti/ccs910/ccs/tools/compiler/ti-cgt-arm_18.12.2.LTS/bin/armcl" -mv7M4 --code_state=16 --float_support=vfplib --abi=eabi -me -Ooff --include_path="C:/ti/ccs910/ccs/tools/compiler/ti-cgt-arm_18.12.2.LTS/include" --include_path="C:/ti/simplelink_cc32xx_sdk_3_20_00_06/source/ti/devices/cc32xx/driverlib/" --include_path="C:/ti/simplelink_cc32xx_sdk_3_20_00_06/source/ti/devices/cc32xx/inc" --include_path="C:/ti/simplelink_cc32xx_sdk_3_20_00_06/source/ti/devices/cc32xx/" -g --gcc --define=ccs --define=DRIVERLIB_APPS --define=cc3200 --diag_warning=225 --diag_wrap=off --display_error_number --gen_func_subsections=on --printf_support=full --ual --preproc_with_compile --preproc_dependency="i2s.d_raw"  "C:/ti/simplelink_cc32xx_sdk_3_20_00_06/source/ti/devices/cc32xx/driverlib/i2s.c"
Finished building: "C:/ti/simplelink_cc32xx_sdk_3_20_00_06/source/ti/devices/cc32xx/driverlib/i2s.c"
 
Building file: "C:/ti/simplelink_cc32xx_sdk_3_20_00_06/source/ti/devices/cc32xx/driverlib/interrupt.c"
Invoking: ARM Compiler
"C:/ti/ccs910/ccs/tools/compiler/ti-cgt-arm_18.12.2.LTS/bin/armcl" -mv7M4 --code_state=16 --float_support=vfplib --abi=eabi -me -Ooff --include_path="C:/ti/ccs910/ccs/tools/compiler/ti-cgt-arm_18.12.2.LTS/include" --include_path="C:/ti/simplelink_cc32xx_sdk_3_20_00_06/source/ti/devices/cc32xx/driverlib/" --include_path="C:/ti/simplelink_cc32xx_sdk_3_20_00_06/source/ti/devices/cc32xx/inc" --include_path="C:/ti/simplelink_cc32xx_sdk_3_20_00_06/source/ti/devices/cc32xx/" -g --gcc --define=ccs --define=DRIVERLIB_APPS --define=cc3200 --diag_warning=225 --diag_wrap=off --display_error_number --gen_func_subsections=on --printf_support=full --ual --preproc_with_compile --preproc_dependency="interrupt.d_raw"  "C:/ti/simplelink_cc32xx_sdk_3_20_00_06/source/ti/devices/cc32xx/driverlib/interrupt.c"
Finished building: "C:/ti/simplelink_cc32xx_sdk_3_20_00_06/source/ti/devices/cc32xx/driverlib/interrupt.c"
 
Building file: "C:/ti/simplelink_cc32xx_sdk_3_20_00_06/source/ti/devices/cc32xx/driverlib/pin.c"
Invoking: ARM Compiler
"C:/ti/ccs910/ccs/tools/compiler/ti-cgt-arm_18.12.2.LTS/bin/armcl" -mv7M4 --code_state=16 --float_support=vfplib --abi=eabi -me -Ooff --include_path="C:/ti/ccs910/ccs/tools/compiler/ti-cgt-arm_18.12.2.LTS/include" --include_path="C:/ti/simplelink_cc32xx_sdk_3_20_00_06/source/ti/devices/cc32xx/driverlib/" --include_path="C:/ti/simplelink_cc32xx_sdk_3_20_00_06/source/ti/devices/cc32xx/inc" --include_path="C:/ti/simplelink_cc32xx_sdk_3_20_00_06/source/ti/devices/cc32xx/" -g --gcc --define=ccs --define=DRIVERLIB_APPS --define=cc3200 --diag_warning=225 --diag_wrap=off --display_error_number --gen_func_subsections=on --printf_support=full --ual --preproc_with_compile --preproc_dependency="pin.d_raw"  "C:/ti/simplelink_cc32xx_sdk_3_20_00_06/source/ti/devices/cc32xx/driverlib/pin.c"
Finished building: "C:/ti/simplelink_cc32xx_sdk_3_20_00_06/source/ti/devices/cc32xx/driverlib/pin.c"
 
Building file: "C:/ti/simplelink_cc32xx_sdk_3_20_00_06/source/ti/devices/cc32xx/driverlib/prcm.c"
Invoking: ARM Compiler
"C:/ti/ccs910/ccs/tools/compiler/ti-cgt-arm_18.12.2.LTS/bin/armcl" -mv7M4 --code_state=16 --float_support=vfplib --abi=eabi -me -Ooff --include_path="C:/ti/ccs910/ccs/tools/compiler/ti-cgt-arm_18.12.2.LTS/include" --include_path="C:/ti/simplelink_cc32xx_sdk_3_20_00_06/source/ti/devices/cc32xx/driverlib/" --include_path="C:/ti/simplelink_cc32xx_sdk_3_20_00_06/source/ti/devices/cc32xx/inc" --include_path="C:/ti/simplelink_cc32xx_sdk_3_20_00_06/source/ti/devices/cc32xx/" -g --gcc --define=ccs --define=DRIVERLIB_APPS --define=cc3200 --diag_warning=225 --diag_wrap=off --display_error_number --gen_func_subsections=on --printf_support=full --ual --preproc_with_compile --preproc_dependency="prcm.d_raw"  "C:/ti/simplelink_cc32xx_sdk_3_20_00_06/source/ti/devices/cc32xx/driverlib/prcm.c"
Finished building: "C:/ti/simplelink_cc32xx_sdk_3_20_00_06/source/ti/devices/cc32xx/driverlib/prcm.c"
 
Building file: "C:/ti/simplelink_cc32xx_sdk_3_20_00_06/source/ti/devices/cc32xx/driverlib/sdhost.c"
Invoking: ARM Compiler
"C:/ti/ccs910/ccs/tools/compiler/ti-cgt-arm_18.12.2.LTS/bin/armcl" -mv7M4 --code_state=16 --float_support=vfplib --abi=eabi -me -Ooff --include_path="C:/ti/ccs910/ccs/tools/compiler/ti-cgt-arm_18.12.2.LTS/include" --include_path="C:/ti/simplelink_cc32xx_sdk_3_20_00_06/source/ti/devices/cc32xx/driverlib/" --include_path="C:/ti/simplelink_cc32xx_sdk_3_20_00_06/source/ti/devices/cc32xx/inc" --include_path="C:/ti/simplelink_cc32xx_sdk_3_20_00_06/source/ti/devices/cc32xx/" -g --gcc --define=ccs --define=DRIVERLIB_APPS --define=cc3200 --diag_warning=225 --diag_wrap=off --display_error_number --gen_func_subsections=on --printf_support=full --ual --preproc_with_compile --preproc_dependency="sdhost.d_raw"  "C:/ti/simplelink_cc32xx_sdk_3_20_00_06/source/ti/devices/cc32xx/driverlib/sdhost.c"
Finished building: "C:/ti/simplelink_cc32xx_sdk_3_20_00_06/source/ti/devices/cc32xx/driverlib/sdhost.c"
 
Building file: "C:/ti/simplelink_cc32xx_sdk_3_20_00_06/source/ti/devices/cc32xx/driverlib/shamd5.c"
Invoking: ARM Compiler
"C:/ti/ccs910/ccs/tools/compiler/ti-cgt-arm_18.12.2.LTS/bin/armcl" -mv7M4 --code_state=16 --float_support=vfplib --abi=eabi -me -Ooff --include_path="C:/ti/ccs910/ccs/tools/compiler/ti-cgt-arm_18.12.2.LTS/include" --include_path="C:/ti/simplelink_cc32xx_sdk_3_20_00_06/source/ti/devices/cc32xx/driverlib/" --include_path="C:/ti/simplelink_cc32xx_sdk_3_20_00_06/source/ti/devices/cc32xx/inc" --include_path="C:/ti/simplelink_cc32xx_sdk_3_20_00_06/source/ti/devices/cc32xx/" -g --gcc --define=ccs --define=DRIVERLIB_APPS --define=cc3200 --diag_warning=225 --diag_wrap=off --display_error_number --gen_func_subsections=on --printf_support=full --ual --preproc_with_compile --preproc_dependency="shamd5.d_raw"  "C:/ti/simplelink_cc32xx_sdk_3_20_00_06/source/ti/devices/cc32xx/driverlib/shamd5.c"
Finished building: "C:/ti/simplelink_cc32xx_sdk_3_20_00_06/source/ti/devices/cc32xx/driverlib/shamd5.c"
 
Building file: "C:/ti/simplelink_cc32xx_sdk_3_20_00_06/source/ti/devices/cc32xx/driverlib/spi.c"
Invoking: ARM Compiler
"C:/ti/ccs910/ccs/tools/compiler/ti-cgt-arm_18.12.2.LTS/bin/armcl" -mv7M4 --code_state=16 --float_support=vfplib --abi=eabi -me -Ooff --include_path="C:/ti/ccs910/ccs/tools/compiler/ti-cgt-arm_18.12.2.LTS/include" --include_path="C:/ti/simplelink_cc32xx_sdk_3_20_00_06/source/ti/devices/cc32xx/driverlib/" --include_path="C:/ti/simplelink_cc32xx_sdk_3_20_00_06/source/ti/devices/cc32xx/inc" --include_path="C:/ti/simplelink_cc32xx_sdk_3_20_00_06/source/ti/devices/cc32xx/" -g --gcc --define=ccs --define=DRIVERLIB_APPS --define=cc3200 --diag_warning=225 --diag_wrap=off --display_error_number --gen_func_subsections=on --printf_support=full --ual --preproc_with_compile --preproc_dependency="spi.d_raw"  "C:/ti/simplelink_cc32xx_sdk_3_20_00_06/source/ti/devices/cc32xx/driverlib/spi.c"
Finished building: "C:/ti/simplelink_cc32xx_sdk_3_20_00_06/source/ti/devices/cc32xx/driverlib/spi.c"
 
Building file: "C:/ti/simplelink_cc32xx_sdk_3_20_00_06/source/ti/devices/cc32xx/driverlib/systick.c"
Invoking: ARM Compiler
"C:/ti/ccs910/ccs/tools/compiler/ti-cgt-arm_18.12.2.LTS/bin/armcl" -mv7M4 --code_state=16 --float_support=vfplib --abi=eabi -me -Ooff --include_path="C:/ti/ccs910/ccs/tools/compiler/ti-cgt-arm_18.12.2.LTS/include" --include_path="C:/ti/simplelink_cc32xx_sdk_3_20_00_06/source/ti/devices/cc32xx/driverlib/" --include_path="C:/ti/simplelink_cc32xx_sdk_3_20_00_06/source/ti/devices/cc32xx/inc" --include_path="C:/ti/simplelink_cc32xx_sdk_3_20_00_06/source/ti/devices/cc32xx/" -g --gcc --define=ccs --define=DRIVERLIB_APPS --define=cc3200 --diag_warning=225 --diag_wrap=off --display_error_number --gen_func_subsections=on --printf_support=full --ual --preproc_with_compile --preproc_dependency="systick.d_raw"  "C:/ti/simplelink_cc32xx_sdk_3_20_00_06/source/ti/devices/cc32xx/driverlib/systick.c"
Finished building: "C:/ti/simplelink_cc32xx_sdk_3_20_00_06/source/ti/devices/cc32xx/driverlib/systick.c"
 
Building file: "C:/ti/simplelink_cc32xx_sdk_3_20_00_06/source/ti/devices/cc32xx/driverlib/timer.c"
Invoking: ARM Compiler
"C:/ti/ccs910/ccs/tools/compiler/ti-cgt-arm_18.12.2.LTS/bin/armcl" -mv7M4 --code_state=16 --float_support=vfplib --abi=eabi -me -Ooff --include_path="C:/ti/ccs910/ccs/tools/compiler/ti-cgt-arm_18.12.2.LTS/include" --include_path="C:/ti/simplelink_cc32xx_sdk_3_20_00_06/source/ti/devices/cc32xx/driverlib/" --include_path="C:/ti/simplelink_cc32xx_sdk_3_20_00_06/source/ti/devices/cc32xx/inc" --include_path="C:/ti/simplelink_cc32xx_sdk_3_20_00_06/source/ti/devices/cc32xx/" -g --gcc --define=ccs --define=DRIVERLIB_APPS --define=cc3200 --diag_warning=225 --diag_wrap=off --display_error_number --gen_func_subsections=on --printf_support=full --ual --preproc_with_compile --preproc_dependency="timer.d_raw"  "C:/ti/simplelink_cc32xx_sdk_3_20_00_06/source/ti/devices/cc32xx/driverlib/timer.c"
Finished building: "C:/ti/simplelink_cc32xx_sdk_3_20_00_06/source/ti/devices/cc32xx/driverlib/timer.c"
 
Building file: "C:/ti/simplelink_cc32xx_sdk_3_20_00_06/source/ti/devices/cc32xx/driverlib/uart.c"
Invoking: ARM Compiler
"C:/ti/ccs910/ccs/tools/compiler/ti-cgt-arm_18.12.2.LTS/bin/armcl" -mv7M4 --code_state=16 --float_support=vfplib --abi=eabi -me -Ooff --include_path="C:/ti/ccs910/ccs/tools/compiler/ti-cgt-arm_18.12.2.LTS/include" --include_path="C:/ti/simplelink_cc32xx_sdk_3_20_00_06/source/ti/devices/cc32xx/driverlib/" --include_path="C:/ti/simplelink_cc32xx_sdk_3_20_00_06/source/ti/devices/cc32xx/inc" --include_path="C:/ti/simplelink_cc32xx_sdk_3_20_00_06/source/ti/devices/cc32xx/" -g --gcc --define=ccs --define=DRIVERLIB_APPS --define=cc3200 --diag_warning=225 --diag_wrap=off --display_error_number --gen_func_subsections=on --printf_support=full --ual --preproc_with_compile --preproc_dependency="uart.d_raw"  "C:/ti/simplelink_cc32xx_sdk_3_20_00_06/source/ti/devices/cc32xx/driverlib/uart.c"
Finished building: "C:/ti/simplelink_cc32xx_sdk_3_20_00_06/source/ti/devices/cc32xx/driverlib/uart.c"
 
Building file: "C:/ti/simplelink_cc32xx_sdk_3_20_00_06/source/ti/devices/cc32xx/driverlib/udma.c"
Invoking: ARM Compiler
"C:/ti/ccs910/ccs/tools/compiler/ti-cgt-arm_18.12.2.LTS/bin/armcl" -mv7M4 --code_state=16 --float_support=vfplib --abi=eabi -me -Ooff --include_path="C:/ti/ccs910/ccs/tools/compiler/ti-cgt-arm_18.12.2.LTS/include" --include_path="C:/ti/simplelink_cc32xx_sdk_3_20_00_06/source/ti/devices/cc32xx/driverlib/" --include_path="C:/ti/simplelink_cc32xx_sdk_3_20_00_06/source/ti/devices/cc32xx/inc" --include_path="C:/ti/simplelink_cc32xx_sdk_3_20_00_06/source/ti/devices/cc32xx/" -g --gcc --define=ccs --define=DRIVERLIB_APPS --define=cc3200 --diag_warning=225 --diag_wrap=off --display_error_number --gen_func_subsections=on --printf_support=full --ual --preproc_with_compile --preproc_dependency="udma.d_raw"  "C:/ti/simplelink_cc32xx_sdk_3_20_00_06/source/ti/devices/cc32xx/driverlib/udma.c"
Finished building: "C:/ti/simplelink_cc32xx_sdk_3_20_00_06/source/ti/devices/cc32xx/driverlib/udma.c"
 
Building file: "C:/ti/simplelink_cc32xx_sdk_3_20_00_06/source/ti/devices/cc32xx/driverlib/utils.c"
Invoking: ARM Compiler
"C:/ti/ccs910/ccs/tools/compiler/ti-cgt-arm_18.12.2.LTS/bin/armcl" -mv7M4 --code_state=16 --float_support=vfplib --abi=eabi -me -Ooff --include_path="C:/ti/ccs910/ccs/tools/compiler/ti-cgt-arm_18.12.2.LTS/include" --include_path="C:/ti/simplelink_cc32xx_sdk_3_20_00_06/source/ti/devices/cc32xx/driverlib/" --include_path="C:/ti/simplelink_cc32xx_sdk_3_20_00_06/source/ti/devices/cc32xx/inc" --include_path="C:/ti/simplelink_cc32xx_sdk_3_20_00_06/source/ti/devices/cc32xx/" -g --gcc --define=ccs --define=DRIVERLIB_APPS --define=cc3200 --diag_warning=225 --diag_wrap=off --display_error_number --gen_func_subsections=on --printf_support=full --ual --preproc_with_compile --preproc_dependency="utils.d_raw"  "C:/ti/simplelink_cc32xx_sdk_3_20_00_06/source/ti/devices/cc32xx/driverlib/utils.c"
Finished building: "C:/ti/simplelink_cc32xx_sdk_3_20_00_06/source/ti/devices/cc32xx/driverlib/utils.c"
 
Building file: "C:/ti/simplelink_cc32xx_sdk_3_20_00_06/source/ti/devices/cc32xx/driverlib/wdt.c"
Invoking: ARM Compiler
"C:/ti/ccs910/ccs/tools/compiler/ti-cgt-arm_18.12.2.LTS/bin/armcl" -mv7M4 --code_state=16 --float_support=vfplib --abi=eabi -me -Ooff --include_path="C:/ti/ccs910/ccs/tools/compiler/ti-cgt-arm_18.12.2.LTS/include" --include_path="C:/ti/simplelink_cc32xx_sdk_3_20_00_06/source/ti/devices/cc32xx/driverlib/" --include_path="C:/ti/simplelink_cc32xx_sdk_3_20_00_06/source/ti/devices/cc32xx/inc" --include_path="C:/ti/simplelink_cc32xx_sdk_3_20_00_06/source/ti/devices/cc32xx/" -g --gcc --define=ccs --define=DRIVERLIB_APPS --define=cc3200 --diag_warning=225 --diag_wrap=off --display_error_number --gen_func_subsections=on --printf_support=full --ual --preproc_with_compile --preproc_dependency="wdt.d_raw"  "C:/ti/simplelink_cc32xx_sdk_3_20_00_06/source/ti/devices/cc32xx/driverlib/wdt.c"
Finished building: "C:/ti/simplelink_cc32xx_sdk_3_20_00_06/source/ti/devices/cc32xx/driverlib/wdt.c"
 
Building target: "driverlib.a"
Invoking: ARM Archiver
"C:/ti/ccs910/ccs/tools/compiler/ti-cgt-arm_18.12.2.LTS/bin/armar" r "driverlib.a" "./adc.obj" "./aes.obj" "./camera.obj" "./cpu.obj" "./crc.obj" "./des.obj" "./flash.obj" "./gpio.obj" "./hwspinlock.obj" "./i2c.obj" "./i2s.obj" "./interrupt.obj" "./pin.obj" "./prcm.obj" "./sdhost.obj" "./shamd5.obj" "./spi.obj" "./systick.obj" "./timer.obj" "./uart.obj" "./udma.obj" "./utils.obj" "./wdt.obj" 
  ==>  new archive 'driverlib.a'
  ==>  building archive 'driverlib.a'
Finished building target: "driverlib.a"
 

**** Build Finished ****
